<?xml version="1.0" encoding="UTF-8"?>
<!-- Generated by org.testng.reporters.JUnitReportReporter -->
<testsuite hostname="Haridass" failures="0" tests="1" name="testCases.PIM_TCs" time="12.018" errors="0" timestamp="2025-01-04T11:12:57 IST" skipped="0">
  <testcase classname="testCases.PIM_TCs" name="pimPageVaidateWithEmpName" time="12.018"/>
  <system-out/>
</testsuite> <!-- testCases.PIM_TCs -->
