<?xml version="1.0" encoding="UTF-8"?>
<!-- Generated by org.testng.reporters.JUnitReportReporter -->
<testsuite hostname="Haridass" failures="0" tests="1" name="testCases.Login_TCs" time="11.396" errors="0" timestamp="2025-01-04T11:12:20 IST" skipped="0">
  <testcase classname="testCases.Login_TCs" name="validateHRMLogin" time="11.396"/>
  <system-out/>
</testsuite> <!-- testCases.Login_TCs -->
