<?xml version="1.0" encoding="UTF-8"?>
<!-- Generated by org.testng.reporters.JUnitReportReporter -->
<testsuite hostname="Haridass" failures="0" tests="1" name="testCases.Login_TCs" time="10.919" errors="0" timestamp="2025-01-01T22:57:43 IST" skipped="0">
  <testcase classname="testCases.Login_TCs" name="validateHRMLogin" time="10.919"/>
  <system-out/>
</testsuite> <!-- testCases.Login_TCs -->
